This is pdfTeX, Version 3.141592653-2.6-1.40.28 (TeX Live 2025) (preloaded format=pdflatex 2025.8.20)  21 AUG 2025 20:33
entering extended mode
 restricted \write18 enabled.
 %&-line parsing enabled.
**manuscript_draft.tex
(./manuscript_draft.tex
LaTeX2e <2025-06-01> patch level 1
L3 programming layer <2025-08-13>
(/Users/erinbuchanan/Library/TinyTeX/texmf-dist/tex/latex/apa7/apa7.cls
Document Class: apa7 2022/07/25 v2.16 APA formatting (7th edition)
(/Users/erinbuchanan/Library/TinyTeX/texmf-dist/tex/latex/base/article.cls
Document Class: article 2025/01/22 v1.4n Standard LaTeX document class
(/Users/erinbuchanan/Library/TinyTeX/texmf-dist/tex/latex/base/size12.clo
File: size12.clo 2025/01/22 v1.4n Standard LaTeX file (size option)
)
\c@part=\count275
\c@section=\count276
\c@subsection=\count277
\c@subsubsection=\count278
\c@paragraph=\count279
\c@subparagraph=\count280
\c@figure=\count281
\c@table=\count282
\abovecaptionskip=\skip49
\belowcaptionskip=\skip50
\bibindent=\dimen148
) (/Users/erinbuchanan/Library/TinyTeX/texmf-dist/tex/latex/etoolbox/etoolbox.sty
Package: etoolbox 2025/02/11 v2.5l e-TeX tools for LaTeX (JAW)
\etb@tempcnta=\count283
)
Class apa7 Info: No bibliography package was specified; defaulting to (but not loading) Biblatex on input line 218.
(/Users/erinbuchanan/Library/TinyTeX/texmf-dist/tex/latex/lm/lmodern.sty
Package: lmodern 2015/05/01 v1.6.1 Latin Modern Fonts
LaTeX Font Info:    Overwriting symbol font `operators' in version `normal'
(Font)                  OT1/cmr/m/n --> OT1/lmr/m/n on input line 22.
LaTeX Font Info:    Overwriting symbol font `letters' in version `normal'
(Font)                  OML/cmm/m/it --> OML/lmm/m/it on input line 23.
LaTeX Font Info:    Overwriting symbol font `symbols' in version `normal'
(Font)                  OMS/cmsy/m/n --> OMS/lmsy/m/n on input line 24.
LaTeX Font Info:    Overwriting symbol font `largesymbols' in version `normal'
(Font)                  OMX/cmex/m/n --> OMX/lmex/m/n on input line 25.
LaTeX Font Info:    Overwriting symbol font `operators' in version `bold'
(Font)                  OT1/cmr/bx/n --> OT1/lmr/bx/n on input line 26.
LaTeX Font Info:    Overwriting symbol font `letters' in version `bold'
(Font)                  OML/cmm/b/it --> OML/lmm/b/it on input line 27.
LaTeX Font Info:    Overwriting symbol font `symbols' in version `bold'
(Font)                  OMS/cmsy/b/n --> OMS/lmsy/b/n on input line 28.
LaTeX Font Info:    Overwriting symbol font `largesymbols' in version `bold'
(Font)                  OMX/cmex/m/n --> OMX/lmex/m/n on input line 29.
LaTeX Font Info:    Overwriting math alphabet `\mathbf' in version `normal'
(Font)                  OT1/cmr/bx/n --> OT1/lmr/bx/n on input line 31.
LaTeX Font Info:    Overwriting math alphabet `\mathsf' in version `normal'
(Font)                  OT1/cmss/m/n --> OT1/lmss/m/n on input line 32.
LaTeX Font Info:    Overwriting math alphabet `\mathit' in version `normal'
(Font)                  OT1/cmr/m/it --> OT1/lmr/m/it on input line 33.
LaTeX Font Info:    Overwriting math alphabet `\mathtt' in version `normal'
(Font)                  OT1/cmtt/m/n --> OT1/lmtt/m/n on input line 34.
LaTeX Font Info:    Overwriting math alphabet `\mathbf' in version `bold'
(Font)                  OT1/cmr/bx/n --> OT1/lmr/bx/n on input line 35.
LaTeX Font Info:    Overwriting math alphabet `\mathsf' in version `bold'
(Font)                  OT1/cmss/bx/n --> OT1/lmss/bx/n on input line 36.
LaTeX Font Info:    Overwriting math alphabet `\mathit' in version `bold'
(Font)                  OT1/cmr/bx/it --> OT1/lmr/bx/it on input line 37.
LaTeX Font Info:    Overwriting math alphabet `\mathtt' in version `bold'
(Font)                  OT1/cmtt/m/n --> OT1/lmtt/m/n on input line 38.
) (/Users/erinbuchanan/Library/TinyTeX/texmf-dist/tex/latex/base/fontenc.sty
Package: fontenc 2024/12/21 v2.1c Standard LaTeX package
LaTeX Font Info:    Trying to load font information for T1+lmr on input line 116.
(/Users/erinbuchanan/Library/TinyTeX/texmf-dist/tex/latex/lm/t1lmr.fd
File: t1lmr.fd 2015/05/01 v1.6.1 Font defs for Latin Modern
)) (/Users/erinbuchanan/Library/TinyTeX/texmf-dist/tex/latex/geometry/geometry.sty
Package: geometry 2020/01/02 v5.9 Page Geometry
(/Users/erinbuchanan/Library/TinyTeX/texmf-dist/tex/latex/graphics/keyval.sty
Package: keyval 2022/05/29 v1.15 key=value parser (DPC)
\KV@toks@=\toks17
) (/Users/erinbuchanan/Library/TinyTeX/texmf-dist/tex/generic/iftex/ifvtex.sty
Package: ifvtex 2019/10/25 v1.7 ifvtex legacy package. Use iftex instead.
(/Users/erinbuchanan/Library/TinyTeX/texmf-dist/tex/generic/iftex/iftex.sty
Package: iftex 2024/12/12 v1.0g TeX engine tests
))
\Gm@cnth=\count284
\Gm@cntv=\count285
\c@Gm@tempcnt=\count286
\Gm@bindingoffset=\dimen149
\Gm@wd@mp=\dimen150
\Gm@odd@mp=\dimen151
\Gm@even@mp=\dimen152
\Gm@layoutwidth=\dimen153
\Gm@layoutheight=\dimen154
\Gm@layouthoffset=\dimen155
\Gm@layoutvoffset=\dimen156
\Gm@dimlist=\toks18
) (/Users/erinbuchanan/Library/TinyTeX/texmf-dist/tex/latex/graphics/graphicx.sty
Package: graphicx 2024/12/31 v1.2e Enhanced LaTeX Graphics (DPC,SPQR)
(/Users/erinbuchanan/Library/TinyTeX/texmf-dist/tex/latex/graphics/graphics.sty
Package: graphics 2024/08/06 v1.4g Standard LaTeX Graphics (DPC,SPQR)
(/Users/erinbuchanan/Library/TinyTeX/texmf-dist/tex/latex/graphics/trig.sty
Package: trig 2023/12/02 v1.11 sin cos tan (DPC)
) (/Users/erinbuchanan/Library/TinyTeX/texmf-dist/tex/latex/graphics-cfg/graphics.cfg
File: graphics.cfg 2016/06/04 v1.11 sample graphics configuration
)
Package graphics Info: Driver file: pdftex.def on input line 106.
(/Users/erinbuchanan/Library/TinyTeX/texmf-dist/tex/latex/graphics-def/pdftex.def
File: pdftex.def 2024/04/13 v1.2c Graphics/color driver for pdftex
))
\Gin@req@height=\dimen157
\Gin@req@width=\dimen158
) (/Users/erinbuchanan/Library/TinyTeX/texmf-dist/tex/latex/scalerel/scalerel.sty
Package: scalerel 2016/12/29 v1.8 Routines for constrained scaling and stretching of objects, relative to a reference object or in absolute terms
(/Users/erinbuchanan/Library/TinyTeX/texmf-dist/tex/latex/tools/calc.sty
Package: calc 2025/03/01 v4.3b Infix arithmetic (KKT,FJ)
\calc@Acount=\count287
\calc@Bcount=\count288
\calc@Adimen=\dimen159
\calc@Bdimen=\dimen160
\calc@Askip=\skip51
\calc@Bskip=\skip52
LaTeX Info: Redefining \setlength on input line 86.
LaTeX Info: Redefining \addtolength on input line 87.
\calc@Ccount=\count289
\calc@Cskip=\skip53
)
\thesrwidth=\skip54
\thesrheight=\skip55
\srblobheight=\skip56
\srblobdepth=\skip57
\mnxsrwidth=\skip58
\LMex=\skip59
\LMpt=\skip60
) (/Users/erinbuchanan/Library/TinyTeX/texmf-dist/tex/latex/pgf/frontendlayer/tikz.sty (/Users/erinbuchanan/Library/TinyTeX/texmf-dist/tex/latex/pgf/basiclayer/pgf.sty (/Users/erinbuchanan/Library/TinyTeX/texmf-dist/tex/latex/pgf/utilities/pgfrcs.sty (/Users/erinbuchanan/Library/TinyTeX/texmf-dist/tex/generic/pgf/utilities/pgfutil-common.tex
\pgfutil@everybye=\toks19
\pgfutil@tempdima=\dimen161
\pgfutil@tempdimb=\dimen162
) (/Users/erinbuchanan/Library/TinyTeX/texmf-dist/tex/generic/pgf/utilities/pgfutil-latex.def
\pgfutil@abb=\box53
) (/Users/erinbuchanan/Library/TinyTeX/texmf-dist/tex/generic/pgf/utilities/pgfrcs.code.tex (/Users/erinbuchanan/Library/TinyTeX/texmf-dist/tex/generic/pgf/pgf.revision.tex)
Package: pgfrcs 2025-08-14 v3.1.11 (3.1.11)
))
Package: pgf 2025-08-14 v3.1.11 (3.1.11)
(/Users/erinbuchanan/Library/TinyTeX/texmf-dist/tex/latex/pgf/basiclayer/pgfcore.sty (/Users/erinbuchanan/Library/TinyTeX/texmf-dist/tex/latex/pgf/systemlayer/pgfsys.sty (/Users/erinbuchanan/Library/TinyTeX/texmf-dist/tex/generic/pgf/systemlayer/pgfsys.code.tex
Package: pgfsys 2025-08-14 v3.1.11 (3.1.11)
(/Users/erinbuchanan/Library/TinyTeX/texmf-dist/tex/generic/pgf/utilities/pgfkeys.code.tex
\pgfkeys@pathtoks=\toks20
\pgfkeys@temptoks=\toks21
(/Users/erinbuchanan/Library/TinyTeX/texmf-dist/tex/generic/pgf/utilities/pgfkeyslibraryfiltered.code.tex
\pgfkeys@tmptoks=\toks22
))
\pgf@x=\dimen163
\pgf@y=\dimen164
\pgf@xa=\dimen165
\pgf@ya=\dimen166
\pgf@xb=\dimen167
\pgf@yb=\dimen168
\pgf@xc=\dimen169
\pgf@yc=\dimen170
\pgf@xd=\dimen171
\pgf@yd=\dimen172
\w@pgf@writea=\write3
\r@pgf@reada=\read2
\c@pgf@counta=\count290
\c@pgf@countb=\count291
\c@pgf@countc=\count292
\c@pgf@countd=\count293
\t@pgf@toka=\toks23
\t@pgf@tokb=\toks24
\t@pgf@tokc=\toks25
\pgf@sys@id@count=\count294
(/Users/erinbuchanan/Library/TinyTeX/texmf-dist/tex/generic/pgf/systemlayer/pgf.cfg
File: pgf.cfg 2025-08-14 v3.1.11 (3.1.11)
)
Driver file for pgf: pgfsys-pdftex.def
(/Users/erinbuchanan/Library/TinyTeX/texmf-dist/tex/generic/pgf/systemlayer/pgfsys-pdftex.def
File: pgfsys-pdftex.def 2025-08-14 v3.1.11 (3.1.11)
(/Users/erinbuchanan/Library/TinyTeX/texmf-dist/tex/generic/pgf/systemlayer/pgfsys-common-pdf.def
File: pgfsys-common-pdf.def 2025-08-14 v3.1.11 (3.1.11)
))) (/Users/erinbuchanan/Library/TinyTeX/texmf-dist/tex/generic/pgf/systemlayer/pgfsyssoftpath.code.tex
File: pgfsyssoftpath.code.tex 2025-08-14 v3.1.11 (3.1.11)
\pgfsyssoftpath@smallbuffer@items=\count295
\pgfsyssoftpath@bigbuffer@items=\count296
) (/Users/erinbuchanan/Library/TinyTeX/texmf-dist/tex/generic/pgf/systemlayer/pgfsysprotocol.code.tex
File: pgfsysprotocol.code.tex 2025-08-14 v3.1.11 (3.1.11)
)) (/Users/erinbuchanan/Library/TinyTeX/texmf-dist/tex/latex/xcolor/xcolor.sty
Package: xcolor 2024/09/29 v3.02 LaTeX color extensions (UK)
(/Users/erinbuchanan/Library/TinyTeX/texmf-dist/tex/latex/graphics-cfg/color.cfg
File: color.cfg 2016/01/02 v1.6 sample color configuration
)
Package xcolor Info: Driver file: pdftex.def on input line 274.
(/Users/erinbuchanan/Library/TinyTeX/texmf-dist/tex/latex/graphics/mathcolor.ltx)
Package xcolor Info: Model `cmy' substituted by `cmy0' on input line 1349.
Package xcolor Info: Model `hsb' substituted by `rgb' on input line 1353.
Package xcolor Info: Model `RGB' extended on input line 1365.
Package xcolor Info: Model `HTML' substituted by `rgb' on input line 1367.
Package xcolor Info: Model `Hsb' substituted by `hsb' on input line 1368.
Package xcolor Info: Model `tHsb' substituted by `hsb' on input line 1369.
Package xcolor Info: Model `HSB' substituted by `hsb' on input line 1370.
Package xcolor Info: Model `Gray' substituted by `gray' on input line 1371.
Package xcolor Info: Model `wave' substituted by `hsb' on input line 1372.
) (/Users/erinbuchanan/Library/TinyTeX/texmf-dist/tex/generic/pgf/basiclayer/pgfcore.code.tex
Package: pgfcore 2025-08-14 v3.1.11 (3.1.11)
(/Users/erinbuchanan/Library/TinyTeX/texmf-dist/tex/generic/pgf/math/pgfmath.code.tex (/Users/erinbuchanan/Library/TinyTeX/texmf-dist/tex/generic/pgf/math/pgfmathutil.code.tex) (/Users/erinbuchanan/Library/TinyTeX/texmf-dist/tex/generic/pgf/math/pgfmathparser.code.tex
\pgfmath@dimen=\dimen173
\pgfmath@count=\count297
\pgfmath@box=\box54
\pgfmath@toks=\toks26
\pgfmath@stack@operand=\toks27
\pgfmath@stack@operation=\toks28
) (/Users/erinbuchanan/Library/TinyTeX/texmf-dist/tex/generic/pgf/math/pgfmathfunctions.code.tex) (/Users/erinbuchanan/Library/TinyTeX/texmf-dist/tex/generic/pgf/math/pgfmathfunctions.basic.code.tex) (/Users/erinbuchanan/Library/TinyTeX/texmf-dist/tex/generic/pgf/math/pgfmathfunctions.trigonometric.code.tex) (/Users/erinbuchanan/Library/TinyTeX/texmf-dist/tex/generic/pgf/math/pgfmathfunctions.random.code.tex) (/Users/erinbuchanan/Library/TinyTeX/texmf-dist/tex/generic/pgf/math/pgfmathfunctions.comparison.code.tex) (/Users/erinbuchanan/Library/TinyTeX/texmf-dist/tex/generic/pgf/math/pgfmathfunctions.base.code.tex) (/Users/erinbuchanan/Library/TinyTeX/texmf-dist/tex/generic/pgf/math/pgfmathfunctions.round.code.tex) (/Users/erinbuchanan/Library/TinyTeX/texmf-dist/tex/generic/pgf/math/pgfmathfunctions.misc.code.tex) (/Users/erinbuchanan/Library/TinyTeX/texmf-dist/tex/generic/pgf/math/pgfmathfunctions.integerarithmetics.code.tex) (/Users/erinbuchanan/Library/TinyTeX/texmf-dist/tex/generic/pgf/math/pgfmathcalc.code.tex) (/Users/erinbuchanan/Library/TinyTeX/texmf-dist/tex/generic/pgf/math/pgfmathfloat.code.tex
\c@pgfmathroundto@lastzeros=\count298
)) (/Users/erinbuchanan/Library/TinyTeX/texmf-dist/tex/generic/pgf/math/pgfint.code.tex) (/Users/erinbuchanan/Library/TinyTeX/texmf-dist/tex/generic/pgf/basiclayer/pgfcorepoints.code.tex
File: pgfcorepoints.code.tex 2025-08-14 v3.1.11 (3.1.11)
\pgf@picminx=\dimen174
\pgf@picmaxx=\dimen175
\pgf@picminy=\dimen176
\pgf@picmaxy=\dimen177
\pgf@pathminx=\dimen178
\pgf@pathmaxx=\dimen179
\pgf@pathminy=\dimen180
\pgf@pathmaxy=\dimen181
\pgf@xx=\dimen182
\pgf@xy=\dimen183
\pgf@yx=\dimen184
\pgf@yy=\dimen185
\pgf@zx=\dimen186
\pgf@zy=\dimen187
) (/Users/erinbuchanan/Library/TinyTeX/texmf-dist/tex/generic/pgf/basiclayer/pgfcorepathconstruct.code.tex
File: pgfcorepathconstruct.code.tex 2025-08-14 v3.1.11 (3.1.11)
\pgf@path@lastx=\dimen188
\pgf@path@lasty=\dimen189
) (/Users/erinbuchanan/Library/TinyTeX/texmf-dist/tex/generic/pgf/basiclayer/pgfcorepathusage.code.tex
File: pgfcorepathusage.code.tex 2025-08-14 v3.1.11 (3.1.11)
\pgf@shorten@end@additional=\dimen190
\pgf@shorten@start@additional=\dimen191
) (/Users/erinbuchanan/Library/TinyTeX/texmf-dist/tex/generic/pgf/basiclayer/pgfcorescopes.code.tex
File: pgfcorescopes.code.tex 2025-08-14 v3.1.11 (3.1.11)
\pgfpic=\box55
\pgf@hbox=\box56
\pgf@layerbox@main=\box57
\pgf@picture@serial@count=\count299
) (/Users/erinbuchanan/Library/TinyTeX/texmf-dist/tex/generic/pgf/basiclayer/pgfcoregraphicstate.code.tex
File: pgfcoregraphicstate.code.tex 2025-08-14 v3.1.11 (3.1.11)
\pgflinewidth=\dimen192
) (/Users/erinbuchanan/Library/TinyTeX/texmf-dist/tex/generic/pgf/basiclayer/pgfcoretransformations.code.tex
File: pgfcoretransformations.code.tex 2025-08-14 v3.1.11 (3.1.11)
\pgf@pt@x=\dimen193
\pgf@pt@y=\dimen194
\pgf@pt@temp=\dimen195
) (/Users/erinbuchanan/Library/TinyTeX/texmf-dist/tex/generic/pgf/basiclayer/pgfcorequick.code.tex
File: pgfcorequick.code.tex 2025-08-14 v3.1.11 (3.1.11)
) (/Users/erinbuchanan/Library/TinyTeX/texmf-dist/tex/generic/pgf/basiclayer/pgfcoreobjects.code.tex
File: pgfcoreobjects.code.tex 2025-08-14 v3.1.11 (3.1.11)
) (/Users/erinbuchanan/Library/TinyTeX/texmf-dist/tex/generic/pgf/basiclayer/pgfcorepathprocessing.code.tex
File: pgfcorepathprocessing.code.tex 2025-08-14 v3.1.11 (3.1.11)
) (/Users/erinbuchanan/Library/TinyTeX/texmf-dist/tex/generic/pgf/basiclayer/pgfcorearrows.code.tex
File: pgfcorearrows.code.tex 2025-08-14 v3.1.11 (3.1.11)
\pgfarrowsep=\dimen196
) (/Users/erinbuchanan/Library/TinyTeX/texmf-dist/tex/generic/pgf/basiclayer/pgfcoreshade.code.tex
File: pgfcoreshade.code.tex 2025-08-14 v3.1.11 (3.1.11)
\pgf@max=\dimen197
\pgf@sys@shading@range@num=\count300
\pgf@shadingcount=\count301
) (/Users/erinbuchanan/Library/TinyTeX/texmf-dist/tex/generic/pgf/basiclayer/pgfcoreimage.code.tex
File: pgfcoreimage.code.tex 2025-08-14 v3.1.11 (3.1.11)
) (/Users/erinbuchanan/Library/TinyTeX/texmf-dist/tex/generic/pgf/basiclayer/pgfcoreexternal.code.tex
File: pgfcoreexternal.code.tex 2025-08-14 v3.1.11 (3.1.11)
\pgfexternal@startupbox=\box58
) (/Users/erinbuchanan/Library/TinyTeX/texmf-dist/tex/generic/pgf/basiclayer/pgfcorelayers.code.tex
File: pgfcorelayers.code.tex 2025-08-14 v3.1.11 (3.1.11)
) (/Users/erinbuchanan/Library/TinyTeX/texmf-dist/tex/generic/pgf/basiclayer/pgfcoretransparency.code.tex
File: pgfcoretransparency.code.tex 2025-08-14 v3.1.11 (3.1.11)
) (/Users/erinbuchanan/Library/TinyTeX/texmf-dist/tex/generic/pgf/basiclayer/pgfcorepatterns.code.tex
File: pgfcorepatterns.code.tex 2025-08-14 v3.1.11 (3.1.11)
) (/Users/erinbuchanan/Library/TinyTeX/texmf-dist/tex/generic/pgf/basiclayer/pgfcorerdf.code.tex
File: pgfcorerdf.code.tex 2025-08-14 v3.1.11 (3.1.11)
))) (/Users/erinbuchanan/Library/TinyTeX/texmf-dist/tex/generic/pgf/modules/pgfmoduleshapes.code.tex
File: pgfmoduleshapes.code.tex 2025-08-14 v3.1.11 (3.1.11)
\pgfnodeparttextbox=\box59
) (/Users/erinbuchanan/Library/TinyTeX/texmf-dist/tex/generic/pgf/modules/pgfmoduleplot.code.tex
File: pgfmoduleplot.code.tex 2025-08-14 v3.1.11 (3.1.11)
) (/Users/erinbuchanan/Library/TinyTeX/texmf-dist/tex/latex/pgf/compatibility/pgfcomp-version-0-65.sty
Package: pgfcomp-version-0-65 2025-08-14 v3.1.11 (3.1.11)
\pgf@nodesepstart=\dimen198
\pgf@nodesepend=\dimen199
) (/Users/erinbuchanan/Library/TinyTeX/texmf-dist/tex/latex/pgf/compatibility/pgfcomp-version-1-18.sty
Package: pgfcomp-version-1-18 2025-08-14 v3.1.11 (3.1.11)
)) (/Users/erinbuchanan/Library/TinyTeX/texmf-dist/tex/latex/pgf/utilities/pgffor.sty (/Users/erinbuchanan/Library/TinyTeX/texmf-dist/tex/latex/pgf/utilities/pgfkeys.sty (/Users/erinbuchanan/Library/TinyTeX/texmf-dist/tex/generic/pgf/utilities/pgfkeys.code.tex)) (/Users/erinbuchanan/Library/TinyTeX/texmf-dist/tex/latex/pgf/math/pgfmath.sty (/Users/erinbuchanan/Library/TinyTeX/texmf-dist/tex/generic/pgf/math/pgfmath.code.tex)) (/Users/erinbuchanan/Library/TinyTeX/texmf-dist/tex/generic/pgf/utilities/pgffor.code.tex
Package: pgffor 2025-08-14 v3.1.11 (3.1.11)
\pgffor@iter=\dimen256
\pgffor@skip=\dimen257
\pgffor@stack=\toks29
\pgffor@toks=\toks30
)) (/Users/erinbuchanan/Library/TinyTeX/texmf-dist/tex/generic/pgf/frontendlayer/tikz/tikz.code.tex
Package: tikz 2025-08-14 v3.1.11 (3.1.11)
(/Users/erinbuchanan/Library/TinyTeX/texmf-dist/tex/generic/pgf/libraries/pgflibraryplothandlers.code.tex
File: pgflibraryplothandlers.code.tex 2025-08-14 v3.1.11 (3.1.11)
\pgf@plot@mark@count=\count302
\pgfplotmarksize=\dimen258
)
\tikz@lastx=\dimen259
\tikz@lasty=\dimen260
\tikz@lastxsaved=\dimen261
\tikz@lastysaved=\dimen262
\tikz@lastmovetox=\dimen263
\tikz@lastmovetoy=\dimen264
\tikzleveldistance=\dimen265
\tikzsiblingdistance=\dimen266
\tikz@figbox=\box60
\tikz@figbox@bg=\box61
\tikz@tempbox=\box62
\tikz@tempbox@bg=\box63
\tikztreelevel=\count303
\tikznumberofchildren=\count304
\tikznumberofcurrentchild=\count305
\tikz@fig@count=\count306
(/Users/erinbuchanan/Library/TinyTeX/texmf-dist/tex/generic/pgf/modules/pgfmodulematrix.code.tex
File: pgfmodulematrix.code.tex 2025-08-14 v3.1.11 (3.1.11)
\pgfmatrixcurrentrow=\count307
\pgfmatrixcurrentcolumn=\count308
\pgf@matrix@numberofcolumns=\count309
)
\tikz@expandcount=\count310
(/Users/erinbuchanan/Library/TinyTeX/texmf-dist/tex/generic/pgf/frontendlayer/tikz/libraries/tikzlibrarytopaths.code.tex
File: tikzlibrarytopaths.code.tex 2025-08-14 v3.1.11 (3.1.11)
))) (/Users/erinbuchanan/Library/TinyTeX/texmf-dist/tex/latex/hyperref/hyperref.sty
Package: hyperref 2025-07-12 v7.01o Hypertext links for LaTeX
(/Users/erinbuchanan/Library/TinyTeX/texmf-dist/tex/latex/kvsetkeys/kvsetkeys.sty
Package: kvsetkeys 2022-10-05 v1.19 Key value parser (HO)
) (/Users/erinbuchanan/Library/TinyTeX/texmf-dist/tex/generic/kvdefinekeys/kvdefinekeys.sty
Package: kvdefinekeys 2019-12-19 v1.6 Define keys (HO)
) (/Users/erinbuchanan/Library/TinyTeX/texmf-dist/tex/generic/pdfescape/pdfescape.sty
Package: pdfescape 2019/12/09 v1.15 Implements pdfTeX's escape features (HO)
(/Users/erinbuchanan/Library/TinyTeX/texmf-dist/tex/generic/ltxcmds/ltxcmds.sty
Package: ltxcmds 2023-12-04 v1.26 LaTeX kernel commands for general use (HO)
) (/Users/erinbuchanan/Library/TinyTeX/texmf-dist/tex/generic/pdftexcmds/pdftexcmds.sty
Package: pdftexcmds 2020-06-27 v0.33 Utility functions of pdfTeX for LuaTeX (HO)
(/Users/erinbuchanan/Library/TinyTeX/texmf-dist/tex/generic/infwarerr/infwarerr.sty
Package: infwarerr 2019/12/03 v1.5 Providing info/warning/error messages (HO)
)
Package pdftexcmds Info: \pdf@primitive is available.
Package pdftexcmds Info: \pdf@ifprimitive is available.
Package pdftexcmds Info: \pdfdraftmode found.
)) (/Users/erinbuchanan/Library/TinyTeX/texmf-dist/tex/latex/hycolor/hycolor.sty
Package: hycolor 2020-01-27 v1.10 Color options for hyperref/bookmark (HO)
) (/Users/erinbuchanan/Library/TinyTeX/texmf-dist/tex/latex/hyperref/nameref.sty
Package: nameref 2025-06-21 v2.57 Cross-referencing by name of section
(/Users/erinbuchanan/Library/TinyTeX/texmf-dist/tex/latex/refcount/refcount.sty
Package: refcount 2019/12/15 v3.6 Data extraction from label references (HO)
) (/Users/erinbuchanan/Library/TinyTeX/texmf-dist/tex/generic/gettitlestring/gettitlestring.sty
Package: gettitlestring 2019/12/15 v1.6 Cleanup title references (HO)
(/Users/erinbuchanan/Library/TinyTeX/texmf-dist/tex/latex/kvoptions/kvoptions.sty
Package: kvoptions 2022-06-15 v3.15 Key value format for package options (HO)
))
\c@section@level=\count311
) (/Users/erinbuchanan/Library/TinyTeX/texmf-dist/tex/generic/stringenc/stringenc.sty
Package: stringenc 2019/11/29 v1.12 Convert strings between diff. encodings (HO)
)
\@linkdim=\dimen267
\Hy@linkcounter=\count312
\Hy@pagecounter=\count313
(/Users/erinbuchanan/Library/TinyTeX/texmf-dist/tex/latex/hyperref/pd1enc.def
File: pd1enc.def 2025-07-12 v7.01o Hyperref: PDFDocEncoding definition (HO)
Now handling font encoding PD1 ...
... no UTF-8 mapping file for font encoding PD1
) (/Users/erinbuchanan/Library/TinyTeX/texmf-dist/tex/generic/intcalc/intcalc.sty
Package: intcalc 2019/12/15 v1.3 Expandable calculations with integers (HO)
)
\Hy@SavedSpaceFactor=\count314
(/Users/erinbuchanan/Library/TinyTeX/texmf-dist/tex/latex/hyperref/puenc.def
File: puenc.def 2025-07-12 v7.01o Hyperref: PDF Unicode definition (HO)
Now handling font encoding PU ...
... no UTF-8 mapping file for font encoding PU
)
Package hyperref Info: Option `unicode' set `true' on input line 4066.
Package hyperref Info: Hyper figures OFF on input line 4195.
Package hyperref Info: Link nesting OFF on input line 4200.
Package hyperref Info: Hyper index ON on input line 4203.
Package hyperref Info: Plain pages OFF on input line 4210.
Package hyperref Info: Backreferencing OFF on input line 4215.
Package hyperref Info: Implicit mode ON; LaTeX internals redefined.
Package hyperref Info: Bookmarks ON on input line 4462.
\c@Hy@tempcnt=\count315
(/Users/erinbuchanan/Library/TinyTeX/texmf-dist/tex/latex/url/url.sty
\Urlmuskip=\muskip17
Package: url 2013/09/16  ver 3.4  Verb mode for urls, etc.
)
LaTeX Info: Redefining \url on input line 4801.
\XeTeXLinkMargin=\dimen268
(/Users/erinbuchanan/Library/TinyTeX/texmf-dist/tex/generic/bitset/bitset.sty
Package: bitset 2019/12/09 v1.3 Handle bit-vector datatype (HO)
(/Users/erinbuchanan/Library/TinyTeX/texmf-dist/tex/generic/bigintcalc/bigintcalc.sty
Package: bigintcalc 2019/12/15 v1.5 Expandable calculations on big integers (HO)
))
\Fld@menulength=\count316
\Field@Width=\dimen269
\Fld@charsize=\dimen270
Package hyperref Info: Hyper figures OFF on input line 6078.
Package hyperref Info: Link nesting OFF on input line 6083.
Package hyperref Info: Hyper index ON on input line 6086.
Package hyperref Info: backreferencing OFF on input line 6093.
Package hyperref Info: Link coloring OFF on input line 6098.
Package hyperref Info: Link coloring with OCG OFF on input line 6103.
Package hyperref Info: PDF/A mode OFF on input line 6108.
\Hy@abspage=\count317
\c@Item=\count318
\c@Hfootnote=\count319
)
Package hyperref Info: Driver (autodetected): hpdftex.
(/Users/erinbuchanan/Library/TinyTeX/texmf-dist/tex/latex/hyperref/hpdftex.def
File: hpdftex.def 2025-07-12 v7.01o Hyperref driver for pdfTeX
\Fld@listcount=\count320
\c@bookmark@seq@number=\count321
(/Users/erinbuchanan/Library/TinyTeX/texmf-dist/tex/latex/rerunfilecheck/rerunfilecheck.sty
Package: rerunfilecheck 2025-06-21 v1.11 Rerun checks for auxiliary files (HO)
(/Users/erinbuchanan/Library/TinyTeX/texmf-dist/tex/generic/uniquecounter/uniquecounter.sty
Package: uniquecounter 2019/12/15 v1.4 Provide unlimited unique counter (HO)
)
Package uniquecounter Info: New unique counter `rerunfilecheck' on input line 284.
)
\Hy@SectionHShift=\skip61
) (/Users/erinbuchanan/Library/TinyTeX/texmf-dist/tex/generic/pgf/frontendlayer/tikz/libraries/tikzlibrarysvg.path.code.tex
File: tikzlibrarysvg.path.code.tex 2025-08-14 v3.1.11 (3.1.11)
(/Users/erinbuchanan/Library/TinyTeX/texmf-dist/tex/generic/pgf/libraries/pgflibrarysvg.path.code.tex
File: pgflibrarysvg.path.code.tex 2025-08-14 v3.1.11 (3.1.11)
(/Users/erinbuchanan/Library/TinyTeX/texmf-dist/tex/generic/pgf/modules/pgfmoduleparser.code.tex
File: pgfmoduleparser.code.tex 2025-08-14 v3.1.11 (3.1.11)
\pgfparserdef@arg@count=\count322
)
\pgf@lib@svg@last@x=\dimen271
\pgf@lib@svg@last@y=\dimen272
\pgf@lib@svg@last@c@x=\dimen273
\pgf@lib@svg@last@c@y=\dimen274
\pgf@lib@svg@count=\count323
\pgf@lib@svg@max@num=\count324
)) (/Users/erinbuchanan/Library/TinyTeX/texmf-dist/tex/latex/booktabs/booktabs.sty
Package: booktabs 2020/01/12 v1.61803398 Publication quality tables
\heavyrulewidth=\dimen275
\lightrulewidth=\dimen276
\cmidrulewidth=\dimen277
\belowrulesep=\dimen278
\belowbottomsep=\dimen279
\aboverulesep=\dimen280
\abovetopsep=\dimen281
\cmidrulesep=\dimen282
\cmidrulekern=\dimen283
\defaultaddspace=\dimen284
\@cmidla=\count325
\@cmidlb=\count326
\@aboverulesep=\dimen285
\@belowrulesep=\dimen286
\@thisruleclass=\count327
\@lastruleclass=\count328
\@thisrulewidth=\dimen287
) (/Users/erinbuchanan/Library/TinyTeX/texmf-dist/tex/latex/threeparttable/threeparttable.sty
Package: threeparttable 2003/06/13  v 3.0
\@tempboxb=\box64
)
\b@level@one@skip=\skip62
\e@level@one@skip=\skip63
\b@level@two@skip=\skip64
\e@level@two@skip=\skip65
\b@level@three@skip=\skip66
\e@level@three@skip=\skip67
\b@level@four@skip=\skip68
\e@level@four@skip=\skip69
\b@level@five@skip=\skip70
\e@level@five@skip=\skip71
(/Users/erinbuchanan/Library/TinyTeX/texmf-dist/tex/latex/caption/caption.sty
Package: caption 2023/08/05 v3.6o Customizing captions (AR)
(/Users/erinbuchanan/Library/TinyTeX/texmf-dist/tex/latex/caption/caption3.sty
Package: caption3 2023/07/31 v2.4d caption3 kernel (AR)
\caption@tempdima=\dimen288
\captionmargin=\dimen289
\caption@leftmargin=\dimen290
\caption@rightmargin=\dimen291
\caption@width=\dimen292
\caption@indent=\dimen293
\caption@parindent=\dimen294
\caption@hangindent=\dimen295
Package caption Info: Standard document class detected.
)
\c@caption@flags=\count329
\c@continuedfloat=\count330
Package caption Info: hyperref package is loaded.
Package caption Info: threeparttable package is loaded.
)
\c@APAenum=\count331
\@text@par@indent=\skip72
\gr@box=\box65
\gr@boxwidth=\skip73
\gr@boxheight=\skip74
(/Users/erinbuchanan/Library/TinyTeX/texmf-dist/tex/latex/tools/bm.sty
Package: bm 2023/12/19 v1.2f Bold Symbol Support (DPC/FMi)
\symboldoperators=\mathgroup4
\symboldletters=\mathgroup5
\symboldsymbols=\mathgroup6
Package bm Info: No bold for \OMX/lmex/m/n, using \pmb.
LaTeX Font Info:    Redeclaring math alphabet \mathbf on input line 149.
)
\c@appendix=\count332
(/Users/erinbuchanan/Library/TinyTeX/texmf-dist/tex/latex/fancyhdr/fancyhdr.sty
Package: fancyhdr 2025/02/07 v5.2 Extensive control of page headers and footers
\f@nch@headwidth=\skip75
\f@nch@offset@elh=\skip76
\f@nch@offset@erh=\skip77
\f@nch@offset@olh=\skip78
\f@nch@offset@orh=\skip79
\f@nch@offset@elf=\skip80
\f@nch@offset@erf=\skip81
\f@nch@offset@olf=\skip82
\f@nch@offset@orf=\skip83
\f@nch@height=\skip84
\f@nch@footalignment=\skip85
\f@nch@widthL=\skip86
\f@nch@widthC=\skip87
\f@nch@widthR=\skip88
\@temptokenb=\toks31
) (/Users/erinbuchanan/Library/TinyTeX/texmf-dist/tex/latex/endfloat/endfloat.sty
Package: endfloat 2019/04/15 v2.7 LaTeX2e package puts figures and tables at end (jdm)
\c@posttable=\count333
\efloat@postttt=\write4
\@ef@tttopen=\count334
\c@postfigure=\count335
\efloat@postfff=\write5
\@ef@fffopen=\count336
)) (/Users/erinbuchanan/Library/TinyTeX/texmf-dist/tex/latex/amsmath/amsmath.sty
Package: amsmath 2025/06/16 v2.17y AMS math features
\@mathmargin=\skip89
For additional information on amsmath, use the `?' option.
(/Users/erinbuchanan/Library/TinyTeX/texmf-dist/tex/latex/amsmath/amstext.sty
Package: amstext 2024/11/17 v2.01 AMS text
(/Users/erinbuchanan/Library/TinyTeX/texmf-dist/tex/latex/amsmath/amsgen.sty
File: amsgen.sty 1999/11/30 v2.0 generic functions
\@emptytoks=\toks32
\ex@=\dimen296
)) (/Users/erinbuchanan/Library/TinyTeX/texmf-dist/tex/latex/amsmath/amsbsy.sty
Package: amsbsy 1999/11/29 v1.2d Bold Symbols
LaTeX Info: Redefining \boldsymbol on input line 28.
\pmbraise@=\dimen297
) (/Users/erinbuchanan/Library/TinyTeX/texmf-dist/tex/latex/amsmath/amsopn.sty
Package: amsopn 2022/04/08 v2.04 operator names
)
\inf@bad=\count337
LaTeX Info: Redefining \frac on input line 233.
\uproot@=\count338
\leftroot@=\count339
LaTeX Info: Redefining \overline on input line 398.
LaTeX Info: Redefining \colon on input line 409.
\classnum@=\count340
\DOTSCASE@=\count341
LaTeX Info: Redefining \ldots on input line 495.
LaTeX Info: Redefining \dots on input line 498.
LaTeX Info: Redefining \cdots on input line 619.
\Mathstrutbox@=\box66
\strutbox@=\box67
LaTeX Info: Redefining \big on input line 721.
LaTeX Info: Redefining \Big on input line 722.
LaTeX Info: Redefining \bigg on input line 723.
LaTeX Info: Redefining \Bigg on input line 724.
\big@size=\dimen298
LaTeX Font Info:    Redeclaring font encoding OML on input line 742.
LaTeX Font Info:    Redeclaring font encoding OMS on input line 743.
\macc@depth=\count342
LaTeX Info: Redefining \bmod on input line 904.
LaTeX Info: Redefining \pmod on input line 909.
LaTeX Info: Redefining \smash on input line 939.
LaTeX Info: Redefining \relbar on input line 969.
LaTeX Info: Redefining \Relbar on input line 970.
\c@MaxMatrixCols=\count343
\dotsspace@=\muskip18
\c@parentequation=\count344
\dspbrk@lvl=\count345
\tag@help=\toks33
\row@=\count346
\column@=\count347
\maxfields@=\count348
\andhelp@=\toks34
\eqnshift@=\dimen299
\alignsep@=\dimen300
\tagshift@=\dimen301
\tagwidth@=\dimen302
\totwidth@=\dimen303
\lineht@=\dimen304
\@envbody=\toks35
\multlinegap=\skip90
\multlinetaggap=\skip91
\mathdisplay@stack=\toks36
LaTeX Info: Redefining \[ on input line 2949.
LaTeX Info: Redefining \] on input line 2950.
) (/Users/erinbuchanan/Library/TinyTeX/texmf-dist/tex/latex/amsfonts/amssymb.sty
Package: amssymb 2013/01/14 v3.01 AMS font symbols
(/Users/erinbuchanan/Library/TinyTeX/texmf-dist/tex/latex/amsfonts/amsfonts.sty
Package: amsfonts 2013/01/14 v3.01 Basic AMSFonts support
\symAMSa=\mathgroup7
\symAMSb=\mathgroup8
LaTeX Font Info:    Redeclaring math symbol \hbar on input line 98.
LaTeX Font Info:    Overwriting math alphabet `\mathfrak' in version `bold'
(Font)                  U/euf/m/n --> U/euf/b/n on input line 106.
)) (/Users/erinbuchanan/Library/TinyTeX/texmf-dist/tex/latex/base/fontenc.sty
Package: fontenc 2024/12/21 v2.1c Standard LaTeX package
) (/Users/erinbuchanan/Library/TinyTeX/texmf-dist/tex/latex/base/inputenc.sty
Package: inputenc 2024/02/08 v1.3d Input encoding file
\inpenc@prehook=\toks37
\inpenc@posthook=\toks38
) (/Users/erinbuchanan/Library/TinyTeX/texmf-dist/tex/latex/base/textcomp.sty
Package: textcomp 2024/04/24 v2.1b Standard LaTeX package
) (/Users/erinbuchanan/Library/TinyTeX/texmf-dist/tex/latex/microtype/microtype.sty
Package: microtype 2025/07/09 v3.2b Micro-typographical refinements (RS)
\MT@toks=\toks39
\MT@tempbox=\box68
\MT@count=\count349
LaTeX Info: Redefining \noprotrusionifhmode on input line 1087.
LaTeX Info: Redefining \leftprotrusion on input line 1088.
\MT@prot@toks=\toks40
LaTeX Info: Redefining \rightprotrusion on input line 1107.
LaTeX Info: Redefining \textls on input line 1449.
\MT@outer@kern=\dimen305
LaTeX Info: Redefining \microtypecontext on input line 2053.
LaTeX Info: Redefining \textmicrotypecontext on input line 2070.
\MT@listname@count=\count350
(/Users/erinbuchanan/Library/TinyTeX/texmf-dist/tex/latex/microtype/microtype-pdftex.def
File: microtype-pdftex.def 2025/07/09 v3.2b Definitions specific to pdftex (RS)
LaTeX Info: Redefining \lsstyle on input line 944.
LaTeX Info: Redefining \lslig on input line 944.
\MT@outer@space=\skip92
)
Package microtype Info: Loading configuration file microtype.cfg.
(/Users/erinbuchanan/Library/TinyTeX/texmf-dist/tex/latex/microtype/microtype.cfg
File: microtype.cfg 2025/07/09 v3.2b microtype main configuration file (RS)
)
LaTeX Info: Redefining \microtypesetup on input line 3065.
) (/Users/erinbuchanan/Library/TinyTeX/texmf-dist/tex/latex/parskip/parskip.sty
Package: parskip 2021-03-14 v2.0h non-zero parskip adjustments
) (/Users/erinbuchanan/Library/TinyTeX/texmf-dist/tex/latex/fancyvrb/fancyvrb.sty
Package: fancyvrb 2025/07/28 4.6 verbatim text (tvz,hv)
\FV@CodeLineNo=\count351
\FV@InFile=\read3
\FV@TabBox=\box69
\c@FancyVerbLine=\count352
\FV@StepNumber=\count353
\FV@OutFile=\write6
) (/Users/erinbuchanan/Library/TinyTeX/texmf-dist/tex/latex/framed/framed.sty
Package: framed 2011/10/22 v 0.96: framed or shaded text with page breaks
\OuterFrameSep=\skip93
\fb@frw=\dimen306
\fb@frh=\dimen307
\FrameRule=\dimen308
\FrameSep=\dimen309
)
\pandoc@box=\box70
\cslhangindent=\skip94
\csllabelwidth=\skip95
(/Users/erinbuchanan/Library/TinyTeX/texmf-dist/tex/generic/babel/babel.sty
Package: babel 2025/08/03 v25.12 The multilingual framework for LuaLaTeX, pdfLaTeX and XeLaTeX
\babel@savecnt=\count354
LaTeX Encoding Info:    Redeclaring text command \ij (encoding OT1) on input line 2045.
LaTeX Encoding Info:    Redeclaring text command \IJ (encoding OT1) on input line 2047.
LaTeX Encoding Info:    Redeclaring text command \ij (encoding T1) on input line 2049.
LaTeX Encoding Info:    Redeclaring text command \IJ (encoding T1) on input line 2050.
LaTeX Encoding Info:    Ignoring declaration for text command \ij (encoding ?) on input line 2051.
LaTeX Encoding Info:    Ignoring declaration for text command \IJ (encoding ?) on input line 2053.
LaTeX Encoding Info:    Ignoring declaration for text command \SS (encoding ?) on input line 2078.
\U@D=\dimen310
\l@unhyphenated=\language3
(/Users/erinbuchanan/Library/TinyTeX/texmf-dist/tex/generic/babel/txtbabel.def)
\bbl@readstream=\read4
\bbl@dirlevel=\count355
Package babel Info: You haven't specified a language as a class or package
(babel)             option. I'll load 'nil'. Reported on input line 4309.
(/Users/erinbuchanan/Library/TinyTeX/texmf-dist/tex/generic/babel/nil.ldf
Language: nil 2025/08/03 v25.12 Nil language
\l@nil=\language4
)) (/Users/erinbuchanan/Library/TinyTeX/texmf-dist/tex/generic/babel/locale/en/babel-english.tex)
Package babel Info: Importing data for english
(babel)             from babel-en.ini. Reported on input line 159.
(/Users/erinbuchanan/Library/TinyTeX/texmf-dist/tex/latex/was/upgreek.sty
Package: upgreek 2003/02/12 v2.0 (WaS)
Package upgreek Info: Using Euler Roman for upright Greek on input line 31.
\symugrf@m=\mathgroup9
LaTeX Font Info:    Overwriting symbol font `ugrf@m' in version `bold'
(Font)                  U/eur/m/n --> U/eur/b/n on input line 38.
) (/Users/erinbuchanan/Library/TinyTeX/texmf-dist/tex/latex/tools/longtable.sty
Package: longtable 2024-12-18 v4.23 Multi-page Table package (DPC)
\LTleft=\skip96
\LTright=\skip97
\LTpre=\skip98
\LTpost=\skip99
\LTchunksize=\count356
\LTcapwidth=\dimen311
\LT@head=\box71
\LT@firsthead=\box72
\LT@foot=\box73
\LT@lastfoot=\box74
\LT@gbox=\box75
\LT@cols=\count357
\LT@rows=\count358
\c@LT@tables=\count359
\c@LT@chunks=\count360
\LT@p@ftn=\toks41
) (/Users/erinbuchanan/Library/TinyTeX/texmf-dist/tex/latex/graphics/lscape.sty
Package: lscape 2020/05/28 v3.02 Landscape Pages (DPC)
) (/Users/erinbuchanan/Library/TinyTeX/texmf-dist/tex/latex/multirow/multirow.sty
Package: multirow 2024/11/12 v2.9 Span multiple rows of a table
\multirow@colwidth=\skip100
\multirow@cntb=\count361
\multirow@dima=\skip101
\bigstrutjot=\dimen312
) (/Users/erinbuchanan/Library/TinyTeX/texmf-dist/tex/latex/tools/tabularx.sty
Package: tabularx 2023/12/11 v2.12a `tabularx' package (DPC)
(/Users/erinbuchanan/Library/TinyTeX/texmf-dist/tex/latex/tools/array.sty
Package: array 2025/06/08 v2.6j Tabular extension package (FMi)
\col@sep=\dimen313
\ar@mcellbox=\box76
\extrarowheight=\dimen314
\NC@list=\toks42
\extratabsurround=\skip102
\backup@length=\skip103
\ar@cellbox=\box77
)
\TX@col@width=\dimen315
\TX@old@table=\dimen316
\TX@old@col=\dimen317
\TX@target=\dimen318
\TX@delta=\dimen319
\TX@cols=\count362
\TX@ftn=\toks43
) (/Users/erinbuchanan/Library/TinyTeX/texmf-dist/tex/latex/threeparttablex/threeparttablex.sty
Package: threeparttablex 2013/07/23 v0.3 by daleif
(/Users/erinbuchanan/Library/TinyTeX/texmf-dist/tex/latex/environ/environ.sty
Package: environ 2014/05/04 v0.3 A new way to define environments
(/Users/erinbuchanan/Library/TinyTeX/texmf-dist/tex/latex/trimspaces/trimspaces.sty
Package: trimspaces 2009/09/17 v1.1 Trim spaces around a token list
))
\TPTL@width=\skip104
)
\longtablewidth=\skip105
Failed to patch abstract.
Failed to patch title.
(/Users/erinbuchanan/Library/TinyTeX/texmf-dist/tex/latex/xpatch/xpatch.sty (/Users/erinbuchanan/Library/TinyTeX/texmf-dist/tex/latex/l3kernel/expl3.sty
Package: expl3 2025-08-13 L3 programming layer (loader) 
(/Users/erinbuchanan/Library/TinyTeX/texmf-dist/tex/latex/l3backend/l3backend-pdftex.def
File: l3backend-pdftex.def 2025-06-09 L3 backend support: PDF output (pdfTeX)
\l__color_backend_stack_int=\count363
))
Package: xpatch 2020/03/25 v0.3a Extending etoolbox patching commands
(/Users/erinbuchanan/Library/TinyTeX/texmf-dist/tex/latex/l3packages/xparse/xparse.sty
Package: xparse 2024-08-16 L3 Experimental document command parser
)) (/Users/erinbuchanan/Library/TinyTeX/texmf-dist/tex/latex/lineno/lineno.sty
Package: lineno 2025/05/13 line numbers on paragraphs v5.5
\linenopenalty=\count364
\output=\toks44
\linenoprevgraf=\count365
\linenumbersep=\dimen320
\linenumberwidth=\dimen321
\c@linenumber=\count366
\c@pagewiselinenumber=\count367
\c@LN@truepage=\count368
\c@internallinenumber=\count369
\c@internallinenumbers=\count370
\quotelinenumbersep=\dimen322
\bframerule=\dimen323
\bframesep=\dimen324
\bframebox=\box78
\@LN@amsmath@ams@eqpen=\count371
) (/Users/erinbuchanan/Library/TinyTeX/texmf-dist/tex/latex/csquotes/csquotes.sty
Package: csquotes 2024-04-04 v5.2o context-sensitive quotations (JAW)
\csq@reset=\count372
\csq@gtype=\count373
\csq@glevel=\count374
\csq@qlevel=\count375
\csq@maxlvl=\count376
\csq@tshold=\count377
\csq@ltx@everypar=\toks45
(/Users/erinbuchanan/Library/TinyTeX/texmf-dist/tex/latex/csquotes/csquotes.def
File: csquotes.def 2024-04-04 v5.2o csquotes generic definitions (JAW)
)
Package csquotes Info: Trying to load configuration file 'csquotes.cfg'...
Package csquotes Info: ... configuration file loaded successfully.
(/Users/erinbuchanan/Library/TinyTeX/texmf-dist/tex/latex/csquotes/csquotes.cfg
File: csquotes.cfg 
)) (/Users/erinbuchanan/Library/TinyTeX/texmf-dist/tex/latex/bookmark/bookmark.sty
Package: bookmark 2023-12-10 v1.31 PDF bookmarks (HO)
(/Users/erinbuchanan/Library/TinyTeX/texmf-dist/tex/latex/bookmark/bkm-pdftex.def
File: bkm-pdftex.def 2023-12-10 v1.31 bookmark driver for pdfTeX and luaTeX (HO)
\BKM@id=\count378
))
\c@NumberOfAuthors=\count379
\c@NumberOfSuperscripts=\count380

Class apa7 Warning: Deprecated: see documentation for \authorsaffiliations on input line 282.

\c@NumberOfAffiliations=\count381
Package csquotes Info: Checking for multilingual support...
Package csquotes Info: ... found 'babel' package.
Package csquotes Info: Adjusting default style.
Package csquotes Info: Redefining alias 'default' -> 'english'.
(./manuscript_draft.aux)
\openout1 = `manuscript_draft.aux'.

LaTeX Font Info:    Checking defaults for OML/cmm/m/it on input line 290.
LaTeX Font Info:    ... okay on input line 290.
LaTeX Font Info:    Checking defaults for OMS/cmsy/m/n on input line 290.
LaTeX Font Info:    ... okay on input line 290.
LaTeX Font Info:    Checking defaults for OT1/cmr/m/n on input line 290.
LaTeX Font Info:    ... okay on input line 290.
LaTeX Font Info:    Checking defaults for T1/cmr/m/n on input line 290.
LaTeX Font Info:    ... okay on input line 290.
LaTeX Font Info:    Checking defaults for TS1/cmr/m/n on input line 290.
LaTeX Font Info:    ... okay on input line 290.
LaTeX Font Info:    Checking defaults for OMX/cmex/m/n on input line 290.
LaTeX Font Info:    ... okay on input line 290.
LaTeX Font Info:    Checking defaults for U/cmr/m/n on input line 290.
LaTeX Font Info:    ... okay on input line 290.
LaTeX Font Info:    Checking defaults for PD1/pdf/m/n on input line 290.
LaTeX Font Info:    ... okay on input line 290.
LaTeX Font Info:    Checking defaults for PU/pdf/m/n on input line 290.
LaTeX Font Info:    ... okay on input line 290.
*geometry* driver: auto-detecting
*geometry* detected driver: pdftex
*geometry* verbose mode - [ preamble ] result:
* driver: pdftex
* paper: <default>
* layout: <same size as paper>
* layoutoffset:(h,v)=(0.0pt,0.0pt)
* modes: twoside 
* h-part:(L,W,R)=(72.26999pt, 469.75502pt, 72.26999pt)
* v-part:(T,H,B)=(72.26999pt, 650.43001pt, 72.26999pt)
* \paperwidth=614.295pt
* \paperheight=794.96999pt
* \textwidth=469.75502pt
* \textheight=650.43001pt
* \oddsidemargin=0.0pt
* \evensidemargin=0.0pt
* \topmargin=-37.0pt
* \headheight=15.2pt
* \headsep=25.0pt
* \topskip=12.0pt
* \footskip=30.0pt
* \marginparwidth=95.0pt
* \marginparsep=10.0pt
* \columnsep=10.0pt
* \skip\footins=10.8pt plus 4.0pt minus 2.0pt
* \hoffset=0.0pt
* \voffset=0.0pt
* \mag=1000
* \@twocolumnfalse
* \@twosidetrue
* \@mparswitchtrue
* \@reversemarginfalse
* (1in=72.27pt=25.4mm, 1cm=28.453pt)

(/Users/erinbuchanan/Library/TinyTeX/texmf-dist/tex/latex/epstopdf-pkg/epstopdf-base.sty
Package: epstopdf-base 2020-01-24 v2.11 Base part for package epstopdf
Package epstopdf-base Info: Redefining graphics rule for `.eps' on input line 485.
(/Users/erinbuchanan/Library/TinyTeX/texmf-dist/tex/latex/latexconfig/epstopdf-sys.cfg
File: epstopdf-sys.cfg 2010/07/13 v1.3 Configuration of (r)epstopdf for TeX Live
))
Package hyperref Info: Link coloring OFF on input line 290.
(/Users/erinbuchanan/Library/TinyTeX/texmf-dist/tex/latex/apa7/config/APA7english.txt
File: APA7english.txt 2020/12/02 v1.02 apa7 configuration for non-American English
)
Package caption Info: Begin \AtBeginDocument code.
Package caption Info: longtable package is loaded.
(/Users/erinbuchanan/Library/TinyTeX/texmf-dist/tex/latex/caption/ltcaption.sty
Package: ltcaption 2021/01/08 v1.4c longtable captions (AR)
)
Package caption Info: End \AtBeginDocument code.
LaTeX Info: Redefining \microtypecontext on input line 290.
Package microtype Info: Applying patch `item' on input line 290.
Package microtype Info: Applying patch `toc' on input line 290.
Package microtype Info: Applying patch `eqnum' on input line 290.
Package microtype Info: Applying patch `footnote' on input line 290.
Package microtype Info: Applying patch `verbatim' on input line 290.
LaTeX Info: Redefining \microtypesetup on input line 290.
Package microtype Info: Generating PDF output.
Package microtype Info: Character protrusion enabled (level 2).
Package microtype Info: Using protrusion set `basicmath'.
Package microtype Info: Automatic font expansion enabled (level 2),
(microtype)             stretch: 20, shrink: 20, step: 1, non-selected.
Package microtype Info: Using default expansion set `alltext-nott'.
Package microtype Info: Patching command `\showhyphens'.
Package microtype Info: No adjustment of tracking.
Package microtype Info: No adjustment of interword spacing.
Package microtype Info: No adjustment of character kerning.
(/Users/erinbuchanan/Library/TinyTeX/texmf-dist/tex/latex/microtype/mt-cmr.cfg
File: mt-cmr.cfg 2013/05/19 v2.2 microtype config. file: Computer Modern Roman (RS)
)
LaTeX Font Info:    Trying to load font information for T1+lmss on input line 291.
(/Users/erinbuchanan/Library/TinyTeX/texmf-dist/tex/latex/lm/t1lmss.fd
File: t1lmss.fd 2015/05/01 v1.6.1 Font defs for Latin Modern
)
LaTeX Font Info:    Trying to load font information for OT1+lmr on input line 291.
(/Users/erinbuchanan/Library/TinyTeX/texmf-dist/tex/latex/lm/ot1lmr.fd
File: ot1lmr.fd 2015/05/01 v1.6.1 Font defs for Latin Modern
)
LaTeX Font Info:    Trying to load font information for OML+lmm on input line 291.
(/Users/erinbuchanan/Library/TinyTeX/texmf-dist/tex/latex/lm/omllmm.fd
File: omllmm.fd 2015/05/01 v1.6.1 Font defs for Latin Modern
)
LaTeX Font Info:    Trying to load font information for OMS+lmsy on input line 291.
(/Users/erinbuchanan/Library/TinyTeX/texmf-dist/tex/latex/lm/omslmsy.fd
File: omslmsy.fd 2015/05/01 v1.6.1 Font defs for Latin Modern
)
LaTeX Font Info:    Trying to load font information for OMX+lmex on input line 291.
(/Users/erinbuchanan/Library/TinyTeX/texmf-dist/tex/latex/lm/omxlmex.fd
File: omxlmex.fd 2015/05/01 v1.6.1 Font defs for Latin Modern
)
LaTeX Font Info:    External font `lmex10' loaded for size
(Font)              <12> on input line 291.
LaTeX Font Info:    External font `lmex10' loaded for size
(Font)              <8> on input line 291.
LaTeX Font Info:    External font `lmex10' loaded for size
(Font)              <6> on input line 291.
LaTeX Font Info:    Trying to load font information for U+msa on input line 291.
(/Users/erinbuchanan/Library/TinyTeX/texmf-dist/tex/latex/amsfonts/umsa.fd
File: umsa.fd 2013/01/14 v3.01 AMS symbols A
) (/Users/erinbuchanan/Library/TinyTeX/texmf-dist/tex/latex/microtype/mt-msa.cfg
File: mt-msa.cfg 2006/02/04 v1.1 microtype config. file: AMS symbols (a) (RS)
)
LaTeX Font Info:    Trying to load font information for U+msb on input line 291.
(/Users/erinbuchanan/Library/TinyTeX/texmf-dist/tex/latex/amsfonts/umsb.fd
File: umsb.fd 2013/01/14 v3.01 AMS symbols B
) (/Users/erinbuchanan/Library/TinyTeX/texmf-dist/tex/latex/microtype/mt-msb.cfg
File: mt-msb.cfg 2005/06/01 v1.0 microtype config. file: AMS symbols (b) (RS)
) (/Users/erinbuchanan/Library/TinyTeX/texmf-dist/tex/latex/microtype/mt-eur.cfg
File: mt-eur.cfg 2006/07/31 v1.1 microtype config. file: AMS Euler Roman (RS)
)
Underfull \vbox (badness 10000) has occurred while \output is active []



[1{/Users/erinbuchanan/Library/TinyTeX/texmf-var/fonts/map/pdftex/updmap/pdftex.map}{/Users/erinbuchanan/Library/TinyTeX/texmf-dist/fonts/enc/dvips/lm/lm-ec.enc}

]
Underfull \vbox (badness 10000) has occurred while \output is active []



[2]

[3]
Underfull \vbox (badness 1221) has occurred while \output is active []



[4]

[5]

[6]
Underfull \vbox (badness 1221) has occurred while \output is active []



[7]

[8]
Underfull \vbox (badness 10000) has occurred while \output is active []



[9]
Underfull \vbox (badness 4242) has occurred while \output is active []



[10]
Underfull \vbox (badness 10000) has occurred while \output is active []



[11]
Underfull \vbox (badness 1430) has occurred while \output is active []



[12]

[13]
\openout4 = `manuscript_draft.ttt'.

(manuscript_draft.ttt)

[14]

[15{/Users/erinbuchanan/Library/TinyTeX/texmf-dist/fonts/enc/dvips/lm/lm-mathit.enc}]
Underfull \vbox (badness 10000) has occurred while \output is active []



[16]

[17]
LaTeX Font Info:    Trying to load font information for T1+lmtt on input line 502.
(/Users/erinbuchanan/Library/TinyTeX/texmf-dist/tex/latex/lm/t1lmtt.fd
File: t1lmtt.fd 2015/05/01 v1.6.1 Font defs for Latin Modern
)
Underfull \vbox (badness 1681) has occurred while \output is active []



[18]

[19]
Underfull \vbox (badness 10000) has occurred while \output is active []



[20]
\openout5 = `manuscript_draft.fff'.

(manuscript_draft.fff)

[21]

[22{/Users/erinbuchanan/Library/TinyTeX/texmf-dist/fonts/enc/dvips/lm/lm-rm.enc}{/Users/erinbuchanan/Library/TinyTeX/texmf-dist/fonts/enc/dvips/lm/lm-mathsy.enc}{/Users/erinbuchanan/Library/TinyTeX/texmf-dist/fonts/enc/dvips/lm/lm-mathex.enc}]

[23]

[24]

[25]
LaTeX Font Info:    Font shape `T1/lmtt/bx/n' in size <12> not available
(Font)              Font shape `T1/lmtt/b/n' tried instead on input line 739.


[26]
Overfull \hbox (5.64317pt too wide) in paragraph at lines 785--785
[]\T1/lmtt/m/n/12 ##  [1] 0.4285840 0.3618301 0.3561490 0.3211820 0.3938675 0.3661679 0.4679181[] 
 []


Overfull \hbox (5.67819pt too wide) in paragraph at lines 785--785
[]\T1/lmtt/m/n/12 ##  [8] 0.2643264 0.3524351 0.2663101 0.4772454 0.4222434 0.4369451 0.4173853[] 
 []


Overfull \hbox (5.67119pt too wide) in paragraph at lines 785--785
[]\T1/lmtt/m/n/12 ## [15] 0.3266658 0.3871284 0.3802700 0.3913539 0.4701623 0.3802700 0.4142209[] 
 []


Overfull \hbox (5.64317pt too wide) in paragraph at lines 785--785
[]\T1/lmtt/m/n/12 ## [22] 0.3441236 0.3732856 0.4032761 0.4013136 0.3515005 0.3647277 0.3966969[] 
 []



[27]

[28]

[29]
Underfull \vbox (badness 10000) has occurred while \output is active []



[30]

[31]
Underfull \vbox (badness 10000) has occurred while \output is active []



[32]
Underfull \vbox (badness 10000) has occurred while \output is active []



[33]

[34]
Underfull \vbox (badness 4752) has occurred while \output is active []



[35]
LaTeX Font Info:    Trying to load font information for TS1+lmr on input line 978.
(/Users/erinbuchanan/Library/TinyTeX/texmf-dist/tex/latex/lm/ts1lmr.fd
File: ts1lmr.fd 2015/05/01 v1.6.1 Font defs for Latin Modern
)
Underfull \vbox (badness 7433) has occurred while \output is active []



[36{/Users/erinbuchanan/Library/TinyTeX/texmf-dist/fonts/enc/dvips/lm/lm-ts1.enc}]

[37]
Underfull \vbox (badness 10000) has occurred while \output is active []



[38]
Underfull \vbox (badness 10000) has occurred while \output is active []



[39]
Underfull \vbox (badness 10000) has occurred while \output is active []



[40]
Underfull \vbox (badness 10000) has occurred while \output is active []



[41]
Underfull \vbox (badness 10000) has occurred while \output is active []



[42]
Underfull \vbox (badness 10000) has occurred while \output is active []



[43]
Underfull \vbox (badness 10000) has occurred while \output is active []



[44]
Underfull \vbox (badness 10000) has occurred while \output is active []



[45] AED endfloat: Processing end Figures and Tables

[46] (./manuscript_draft.ttt
LaTeX Font Info:    External font `lmex10' loaded for size
(Font)              <10> on input line 12.
LaTeX Font Info:    External font `lmex10' loaded for size
(Font)              <7> on input line 12.
LaTeX Font Info:    External font `lmex10' loaded for size
(Font)              <5> on input line 12.


[47


]

[48

]

[49

]

[50

]

[51

]

[52

]

[53


]) (./manuscript_draft.fff
<manuscript_draft_files/figure-latex/scale-size-figure-1.pdf, id=508, 578.16pt x 433.62pt>
File: manuscript_draft_files/figure-latex/scale-size-figure-1.pdf Graphic file (type pdf)
<use manuscript_draft_files/figure-latex/scale-size-figure-1.pdf>
Package pdftex.def Info: manuscript_draft_files/figure-latex/scale-size-figure-1.pdf  used on input line 5.
(pdftex.def)             Requested size: 578.15858pt x 433.61894pt.


[54


 <./manuscript_draft_files/figure-latex/scale-size-figure-1.pdf>]
<manuscript_draft_files/figure-latex/scale-skew-figure-1.pdf, id=518, 578.16pt x 433.62pt>
File: manuscript_draft_files/figure-latex/scale-skew-figure-1.pdf Graphic file (type pdf)
<use manuscript_draft_files/figure-latex/scale-skew-figure-1.pdf>
Package pdftex.def Info: manuscript_draft_files/figure-latex/scale-skew-figure-1.pdf  used on input line 14.
(pdftex.def)             Requested size: 578.15858pt x 433.61894pt.


[55

 <./manuscript_draft_files/figure-latex/scale-skew-figure-1.pdf>]
<manuscript_draft_files/figure-latex/scale-hetero-figure-1.pdf, id=529, 578.16pt x 433.62pt>
File: manuscript_draft_files/figure-latex/scale-hetero-figure-1.pdf Graphic file (type pdf)
<use manuscript_draft_files/figure-latex/scale-hetero-figure-1.pdf>
Package pdftex.def Info: manuscript_draft_files/figure-latex/scale-hetero-figure-1.pdf  used on input line 23.
(pdftex.def)             Requested size: 578.15858pt x 433.61894pt.


[56

 <./manuscript_draft_files/figure-latex/scale-hetero-figure-1.pdf>]
<manuscript_draft_files/figure-latex/corrected-figure-1.pdf, id=539, 578.16pt x 433.62pt>
File: manuscript_draft_files/figure-latex/corrected-figure-1.pdf Graphic file (type pdf)
<use manuscript_draft_files/figure-latex/corrected-figure-1.pdf>
Package pdftex.def Info: manuscript_draft_files/figure-latex/corrected-figure-1.pdf  used on input line 32.
(pdftex.def)             Requested size: 578.15858pt x 433.61894pt.


[57

 <./manuscript_draft_files/figure-latex/corrected-figure-1.pdf>]
<manuscript_draft_files/figure-latex/decile40-figure-1.pdf, id=549, 578.16pt x 578.16pt>
File: manuscript_draft_files/figure-latex/decile40-figure-1.pdf Graphic file (type pdf)
<use manuscript_draft_files/figure-latex/decile40-figure-1.pdf>
Package pdftex.def Info: manuscript_draft_files/figure-latex/decile40-figure-1.pdf  used on input line 41.
(pdftex.def)             Requested size: 578.15858pt x 578.15858pt.


[58

 <./manuscript_draft_files/figure-latex/decile40-figure-1.pdf>]
<manuscript_draft_files/figure-latex/decile50-figure-1.pdf, id=559, 578.16pt x 578.16pt>
File: manuscript_draft_files/figure-latex/decile50-figure-1.pdf Graphic file (type pdf)
<use manuscript_draft_files/figure-latex/decile50-figure-1.pdf>
Package pdftex.def Info: manuscript_draft_files/figure-latex/decile50-figure-1.pdf  used on input line 50.
(pdftex.def)             Requested size: 578.15858pt x 578.15858pt.


[59

 <./manuscript_draft_files/figure-latex/decile50-figure-1.pdf>]
<manuscript_draft_files/figure-latex/fig-pilot-sd-n-1.pdf, id=569, 578.16pt x 433.62pt>
File: manuscript_draft_files/figure-latex/fig-pilot-sd-n-1.pdf Graphic file (type pdf)
<use manuscript_draft_files/figure-latex/fig-pilot-sd-n-1.pdf>
Package pdftex.def Info: manuscript_draft_files/figure-latex/fig-pilot-sd-n-1.pdf  used on input line 59.
(pdftex.def)             Requested size: 578.15858pt x 433.61894pt.


[60

 <./manuscript_draft_files/figure-latex/fig-pilot-sd-n-1.pdf>]
<manuscript_draft_files/figure-latex/fig-pilot-bias-1.pdf, id=579, 578.16pt x 433.62pt>
File: manuscript_draft_files/figure-latex/fig-pilot-bias-1.pdf Graphic file (type pdf)
<use manuscript_draft_files/figure-latex/fig-pilot-bias-1.pdf>
Package pdftex.def Info: manuscript_draft_files/figure-latex/fig-pilot-bias-1.pdf  used on input line 68.
(pdftex.def)             Requested size: 578.15858pt x 433.61894pt.


[61

 <./manuscript_draft_files/figure-latex/fig-pilot-bias-1.pdf>]
<manuscript_draft_files/figure-latex/fig-pilot-cutoff-1.pdf, id=590, 578.16pt x 433.62pt>
File: manuscript_draft_files/figure-latex/fig-pilot-cutoff-1.pdf Graphic file (type pdf)
<use manuscript_draft_files/figure-latex/fig-pilot-cutoff-1.pdf>
Package pdftex.def Info: manuscript_draft_files/figure-latex/fig-pilot-cutoff-1.pdf  used on input line 77.
(pdftex.def)             Requested size: 578.15858pt x 433.61894pt.


[62

 <./manuscript_draft_files/figure-latex/fig-pilot-cutoff-1.pdf>]
<manuscript_draft_files/figure-latex/bimodal-figure-1.pdf, id=600, 505.89pt x 722.7pt>
File: manuscript_draft_files/figure-latex/bimodal-figure-1.pdf Graphic file (type pdf)
<use manuscript_draft_files/figure-latex/bimodal-figure-1.pdf>
Package pdftex.def Info: manuscript_draft_files/figure-latex/bimodal-figure-1.pdf  used on input line 86.
(pdftex.def)             Requested size: 505.88875pt x 722.69823pt.

LaTeX Warning: Float too large for page by 50.4063pt on input line 88.



[63 <./manuscript_draft_files/figure-latex/bimodal-figure-1.pdf>]
<manuscript_draft_files/figure-latex/bimodal-results-1.pdf, id=613, 578.16pt x 578.16pt>
File: manuscript_draft_files/figure-latex/bimodal-results-1.pdf Graphic file (type pdf)
<use manuscript_draft_files/figure-latex/bimodal-results-1.pdf>
Package pdftex.def Info: manuscript_draft_files/figure-latex/bimodal-results-1.pdf  used on input line 95.
(pdftex.def)             Requested size: 578.15858pt x 578.15858pt.
)

[64


 <./manuscript_draft_files/figure-latex/bimodal-results-1.pdf>] (./manuscript_draft.aux)
 ***********
LaTeX2e <2025-06-01> patch level 1
L3 programming layer <2020/03/25>
 ***********
 ) 
Here is how much of TeX's memory you used:
 30045 strings out of 469781
 560536 string characters out of 5480863
 989641 words of memory out of 5000000
 57494 multiletter control sequences out of 15000+600000
 710936 words of font info for 196 fonts, out of 8000000 for 9000
 14 hyphenation exceptions out of 8191
 99i,12n,105p,2419b,715s stack positions out of 10000i,1000n,20000p,200000b,200000s
</Users/erinbuchanan/Library/TinyTeX/texmf-dist/fonts/type1/public/lm/lmbx12.pfb></Users/erinbuchanan/Library/TinyTeX/texmf-dist/fonts/type1/public/lm/lmbxi10.pfb></Users/erinbuchanan/Library/TinyTeX/texmf-dist/fonts/type1/public/lm/lmex10.pfb></Users/erinbuchanan/Library/TinyTeX/texmf-dist/fonts/type1/public/lm/lmmi12.pfb></Users/erinbuchanan/Library/TinyTeX/texmf-dist/fonts/type1/public/lm/lmmi6.pfb></Users/erinbuchanan/Library/TinyTeX/texmf-dist/fonts/type1/public/lm/lmmi8.pfb></Users/erinbuchanan/Library/TinyTeX/texmf-dist/fonts/type1/public/lm/lmr10.pfb></Users/erinbuchanan/Library/TinyTeX/texmf-dist/fonts/type1/public/lm/lmr12.pfb></Users/erinbuchanan/Library/TinyTeX/texmf-dist/fonts/type1/public/lm/lmr6.pfb></Users/erinbuchanan/Library/TinyTeX/texmf-dist/fonts/type1/public/lm/lmr8.pfb></Users/erinbuchanan/Library/TinyTeX/texmf-dist/fonts/type1/public/lm/lmri12.pfb></Users/erinbuchanan/Library/TinyTeX/texmf-dist/fonts/type1/public/lm/lmss8.pfb></Users/erinbuchanan/Library/TinyTeX/texmf-dist/fonts/type1/public/lm/lmsy10.pfb></Users/erinbuchanan/Library/TinyTeX/texmf-dist/fonts/type1/public/lm/lmsy8.pfb></Users/erinbuchanan/Library/TinyTeX/texmf-dist/fonts/type1/public/lm/lmtk10.pfb></Users/erinbuchanan/Library/TinyTeX/texmf-dist/fonts/type1/public/lm/lmtt12.pfb></Users/erinbuchanan/Library/TinyTeX/texmf-dist/fonts/type1/public/lm/lmtti10.pfb>
Output written on manuscript_draft.pdf (64 pages, 590759 bytes).
PDF statistics:
 850 PDF objects out of 1000 (max. 8388607)
 716 compressed objects within 8 object streams
 212 named destinations out of 1000 (max. 500000)
 43324 words of extra memory for PDF output out of 51595 (max. 10000000)

